Determining if the pthread_create exist failed with the following output:
Change Dir: /home/fil/Documentos/VTK_examples/ocv_vtk/build/CMakeFiles/CMakeTmp

Run Build Command:"/usr/bin/make" "cmTC_d0e63/fast"
/usr/bin/make -f CMakeFiles/cmTC_d0e63.dir/build.make CMakeFiles/cmTC_d0e63.dir/build
make[1]: se entra en el directorio '/home/fil/Documentos/VTK_examples/ocv_vtk/build/CMakeFiles/CMakeTmp'
Building C object CMakeFiles/cmTC_d0e63.dir/CheckSymbolExists.c.o
/usr/bin/cc    -fPIC    -o CMakeFiles/cmTC_d0e63.dir/CheckSymbolExists.c.o   -c /home/fil/Documentos/VTK_examples/ocv_vtk/build/CMakeFiles/CMakeTmp/CheckSymbolExists.c
Linking C executable cmTC_d0e63
/usr/local/bin/cmake -E cmake_link_script CMakeFiles/cmTC_d0e63.dir/link.txt --verbose=1
/usr/bin/cc  -fPIC     CMakeFiles/cmTC_d0e63.dir/CheckSymbolExists.c.o  -o cmTC_d0e63 -rdynamic 
CMakeFiles/cmTC_d0e63.dir/CheckSymbolExists.c.o: En la funci√≥n `main':
CheckSymbolExists.c:(.text+0x1b): referencia a `pthread_create' sin definir
collect2: error: ld returned 1 exit status
CMakeFiles/cmTC_d0e63.dir/build.make:97: fallo en las instrucciones para el objetivo 'cmTC_d0e63'
make[1]: *** [cmTC_d0e63] Error 1
make[1]: se sale del directorio '/home/fil/Documentos/VTK_examples/ocv_vtk/build/CMakeFiles/CMakeTmp'
Makefile:126: fallo en las instrucciones para el objetivo 'cmTC_d0e63/fast'
make: *** [cmTC_d0e63/fast] Error 2

File /home/fil/Documentos/VTK_examples/ocv_vtk/build/CMakeFiles/CMakeTmp/CheckSymbolExists.c:
/* */
#include <pthread.h>

int main(int argc, char** argv)
{
  (void)argv;
#ifndef pthread_create
  return ((int*)(&pthread_create))[argc];
#else
  (void)argc;
  return 0;
#endif
}

Determining if the function pthread_create exists in the pthreads failed with the following output:
Change Dir: /home/fil/Documentos/VTK_examples/ocv_vtk/build/CMakeFiles/CMakeTmp

Run Build Command:"/usr/bin/make" "cmTC_d7249/fast"
/usr/bin/make -f CMakeFiles/cmTC_d7249.dir/build.make CMakeFiles/cmTC_d7249.dir/build
make[1]: se entra en el directorio '/home/fil/Documentos/VTK_examples/ocv_vtk/build/CMakeFiles/CMakeTmp'
Building C object CMakeFiles/cmTC_d7249.dir/CheckFunctionExists.c.o
/usr/bin/cc    -fPIC -DCHECK_FUNCTION_EXISTS=pthread_create   -o CMakeFiles/cmTC_d7249.dir/CheckFunctionExists.c.o   -c /usr/local/share/cmake-3.6/Modules/CheckFunctionExists.c
Linking C executable cmTC_d7249
/usr/local/bin/cmake -E cmake_link_script CMakeFiles/cmTC_d7249.dir/link.txt --verbose=1
/usr/bin/cc  -fPIC -DCHECK_FUNCTION_EXISTS=pthread_create    CMakeFiles/cmTC_d7249.dir/CheckFunctionExists.c.o  -o cmTC_d7249 -rdynamic -lpthreads 
/usr/bin/ld: no se puede encontrar -lpthreads
collect2: error: ld returned 1 exit status
CMakeFiles/cmTC_d7249.dir/build.make:97: fallo en las instrucciones para el objetivo 'cmTC_d7249'
make[1]: *** [cmTC_d7249] Error 1
make[1]: se sale del directorio '/home/fil/Documentos/VTK_examples/ocv_vtk/build/CMakeFiles/CMakeTmp'
Makefile:126: fallo en las instrucciones para el objetivo 'cmTC_d7249/fast'
make: *** [cmTC_d7249/fast] Error 2


